<?xml version="1.0" encoding="UTF-8"?>
<!-- Generated by org.testng.reporters.JUnitXMLReporter -->
<testsuite hostname="Mark-HP" ignored="0" name="Test 1st parallel" tests="5" failures="0" timestamp="06 May 2018 22:21:40 GMT" time="53.818" errors="0">
  <testcase name="TestCase220_Test" time="25.555" classname="testcases.TestNG_TestCase220"/>
  <testcase name="TestCase374_Test" time="24.808" classname="testcases.TestNG_TestCase374"/>
  <testcase name="TestCase14_Test" time="20.067" classname="testcases.TestNG_TestCase14"/>
  <testcase name="TestCase731_Test" time="10.565" classname="testcases.TestNG_TestCase731"/>
  <testcase name="TestCase834_Test" time="42.688" classname="testcases.TestNG_TestCase834"/>
</testsuite> <!-- Test 1st parallel -->
