<?xml version="1.0" encoding="UTF-8"?>
<!-- Generated by org.testng.reporters.JUnitXMLReporter -->
<testsuite hostname="Mark-HP" ignored="0" name="Test 1st parallel" tests="5" failures="0" timestamp="07 May 2018 02:29:08 GMT" time="64.891" errors="0">
  <testcase name="TestCase731_Test" time="12.999" classname="testcases.TestNG_TestCase731"/>
  <testcase name="TestCase14_Test" time="19.936" classname="testcases.TestNG_TestCase14"/>
  <testcase name="TestCase374_Test" time="21.681" classname="testcases.TestNG_TestCase374"/>
  <testcase name="TestCase220_Test" time="17.814" classname="testcases.TestNG_TestCase220"/>
  <testcase name="TestCase834_Test" time="38.08" classname="testcases.TestNG_TestCase834"/>
</testsuite> <!-- Test 1st parallel -->
