<?xml version="1.0" encoding="UTF-8"?>
<testng-results skipped="0" failed="0" ignored="0" total="5" passed="5">
  <reporter-output>
  </reporter-output>
  <suite name="Parallel test suite" duration-ms="65251" started-at="2018-05-07T13:03:29Z" finished-at="2018-05-07T13:04:34Z">
    <groups>
    </groups>
    <test name="Test 1st parallel" duration-ms="65251" started-at="2018-05-07T13:03:29Z" finished-at="2018-05-07T13:04:34Z">
      <class name="testcases.TestNG_TestCase14">
        <test-method status="PASS" signature="initializeTestBaseSetup(java.lang.String)[pri:0, instance:testcases.TestNG_TestCase14@15975490]" name="initializeTestBaseSetup" is-config="true" duration-ms="10969" started-at="2018-05-07T09:03:29Z" finished-at="2018-05-07T09:03:40Z">
          <params>
            <param index="0">
              <value>
                <![CDATA[firefox]]>
              </value>
            </param>
          </params>
          <reporter-output>
          </reporter-output>
        </test-method> <!-- initializeTestBaseSetup -->
        <test-method status="PASS" signature="setUp()[pri:0, instance:testcases.TestNG_TestCase14@15975490]" name="setUp" is-config="true" duration-ms="7" started-at="2018-05-07T09:03:40Z" finished-at="2018-05-07T09:03:40Z">
          <reporter-output>
          </reporter-output>
        </test-method> <!-- setUp -->
        <test-method status="PASS" signature="TestCase14_Test()[pri:0, instance:testcases.TestNG_TestCase14@15975490]" name="TestCase14_Test" duration-ms="23316" started-at="2018-05-07T09:03:40Z" finished-at="2018-05-07T09:04:03Z">
          <reporter-output>
          </reporter-output>
        </test-method> <!-- TestCase14_Test -->
        <test-method status="PASS" signature="tearDown()[pri:0, instance:testcases.TestNG_TestCase14@15975490]" name="tearDown" is-config="true" duration-ms="785" started-at="2018-05-07T09:04:03Z" finished-at="2018-05-07T09:04:04Z">
          <reporter-output>
          </reporter-output>
        </test-method> <!-- tearDown -->
      </class> <!-- testcases.TestNG_TestCase14 -->
      <class name="testcases.TestNG_TestCase731">
        <test-method status="PASS" signature="initializeTestBaseSetup(java.lang.String)[pri:0, instance:testcases.TestNG_TestCase731@4909b8da]" name="initializeTestBaseSetup" is-config="true" duration-ms="16805" started-at="2018-05-07T09:03:29Z" finished-at="2018-05-07T09:03:46Z">
          <params>
            <param index="0">
              <value>
                <![CDATA[firefox]]>
              </value>
            </param>
          </params>
          <reporter-output>
          </reporter-output>
        </test-method> <!-- initializeTestBaseSetup -->
        <test-method status="PASS" signature="setUp()[pri:0, instance:testcases.TestNG_TestCase731@4909b8da]" name="setUp" is-config="true" duration-ms="16" started-at="2018-05-07T09:03:46Z" finished-at="2018-05-07T09:03:46Z">
          <reporter-output>
          </reporter-output>
        </test-method> <!-- setUp -->
        <test-method status="PASS" signature="TestCase731_Test()[pri:0, instance:testcases.TestNG_TestCase731@4909b8da]" name="TestCase731_Test" duration-ms="13298" started-at="2018-05-07T09:03:46Z" finished-at="2018-05-07T09:03:59Z">
          <reporter-output>
          </reporter-output>
        </test-method> <!-- TestCase731_Test -->
        <test-method status="PASS" signature="tearDown()[pri:0, instance:testcases.TestNG_TestCase731@4909b8da]" name="tearDown" is-config="true" duration-ms="3610" started-at="2018-05-07T09:03:59Z" finished-at="2018-05-07T09:04:03Z">
          <reporter-output>
          </reporter-output>
        </test-method> <!-- tearDown -->
      </class> <!-- testcases.TestNG_TestCase731 -->
      <class name="testcases.TestNG_TestCase834">
        <test-method status="PASS" signature="initializeTestBaseSetup(java.lang.String)[pri:0, instance:testcases.TestNG_TestCase834@6b143ee9]" name="initializeTestBaseSetup" is-config="true" duration-ms="26992" started-at="2018-05-07T09:03:29Z" finished-at="2018-05-07T09:03:56Z">
          <params>
            <param index="0">
              <value>
                <![CDATA[firefox]]>
              </value>
            </param>
          </params>
          <reporter-output>
          </reporter-output>
        </test-method> <!-- initializeTestBaseSetup -->
        <test-method status="PASS" signature="setUp()[pri:0, instance:testcases.TestNG_TestCase834@6b143ee9]" name="setUp" is-config="true" duration-ms="4" started-at="2018-05-07T09:03:56Z" finished-at="2018-05-07T09:03:56Z">
          <reporter-output>
          </reporter-output>
        </test-method> <!-- setUp -->
        <test-method status="PASS" signature="TestCase834_Test()[pri:0, instance:testcases.TestNG_TestCase834@6b143ee9]" name="TestCase834_Test" duration-ms="37789" started-at="2018-05-07T09:03:56Z" finished-at="2018-05-07T09:04:34Z">
          <reporter-output>
          </reporter-output>
        </test-method> <!-- TestCase834_Test -->
        <test-method status="PASS" signature="tearDown()[pri:0, instance:testcases.TestNG_TestCase834@6b143ee9]" name="tearDown" is-config="true" duration-ms="444" started-at="2018-05-07T09:04:34Z" finished-at="2018-05-07T09:04:34Z">
          <reporter-output>
          </reporter-output>
        </test-method> <!-- tearDown -->
      </class> <!-- testcases.TestNG_TestCase834 -->
      <class name="testcases.TestNG_TestCase374">
        <test-method status="PASS" signature="initializeTestBaseSetup(java.lang.String)[pri:0, instance:testcases.TestNG_TestCase374@6615435c]" name="initializeTestBaseSetup" is-config="true" duration-ms="5874" started-at="2018-05-07T09:03:29Z" finished-at="2018-05-07T09:03:35Z">
          <params>
            <param index="0">
              <value>
                <![CDATA[firefox]]>
              </value>
            </param>
          </params>
          <reporter-output>
          </reporter-output>
        </test-method> <!-- initializeTestBaseSetup -->
        <test-method status="PASS" signature="setUp()[pri:0, instance:testcases.TestNG_TestCase374@6615435c]" name="setUp" is-config="true" duration-ms="35" started-at="2018-05-07T09:03:35Z" finished-at="2018-05-07T09:03:35Z">
          <reporter-output>
          </reporter-output>
        </test-method> <!-- setUp -->
        <test-method status="PASS" signature="TestCase374_Test()[pri:0, instance:testcases.TestNG_TestCase374@6615435c]" name="TestCase374_Test" duration-ms="22873" started-at="2018-05-07T09:03:35Z" finished-at="2018-05-07T09:03:58Z">
          <reporter-output>
          </reporter-output>
        </test-method> <!-- TestCase374_Test -->
        <test-method status="PASS" signature="tearDown()[pri:0, instance:testcases.TestNG_TestCase374@6615435c]" name="tearDown" is-config="true" duration-ms="5051" started-at="2018-05-07T09:03:58Z" finished-at="2018-05-07T09:04:03Z">
          <reporter-output>
          </reporter-output>
        </test-method> <!-- tearDown -->
      </class> <!-- testcases.TestNG_TestCase374 -->
      <class name="testcases.TestNG_TestCase220">
        <test-method status="PASS" signature="initializeTestBaseSetup(java.lang.String)[pri:0, instance:testcases.TestNG_TestCase220@1936f0f5]" name="initializeTestBaseSetup" is-config="true" duration-ms="35574" started-at="2018-05-07T09:03:29Z" finished-at="2018-05-07T09:04:05Z">
          <params>
            <param index="0">
              <value>
                <![CDATA[firefox]]>
              </value>
            </param>
          </params>
          <reporter-output>
          </reporter-output>
        </test-method> <!-- initializeTestBaseSetup -->
        <test-method status="PASS" signature="setUp()[pri:0, instance:testcases.TestNG_TestCase220@1936f0f5]" name="setUp" is-config="true" duration-ms="7" started-at="2018-05-07T09:04:05Z" finished-at="2018-05-07T09:04:05Z">
          <reporter-output>
          </reporter-output>
        </test-method> <!-- setUp -->
        <test-method status="PASS" signature="TestCase220_Test()[pri:0, instance:testcases.TestNG_TestCase220@1936f0f5]" name="TestCase220_Test" duration-ms="17782" started-at="2018-05-07T09:04:05Z" finished-at="2018-05-07T09:04:22Z">
          <reporter-output>
          </reporter-output>
        </test-method> <!-- TestCase220_Test -->
        <test-method status="PASS" signature="tearDown()[pri:0, instance:testcases.TestNG_TestCase220@1936f0f5]" name="tearDown" is-config="true" duration-ms="428" started-at="2018-05-07T09:04:22Z" finished-at="2018-05-07T09:04:23Z">
          <reporter-output>
          </reporter-output>
        </test-method> <!-- tearDown -->
      </class> <!-- testcases.TestNG_TestCase220 -->
    </test> <!-- Test 1st parallel -->
  </suite> <!-- Parallel test suite -->
</testng-results>
