<?xml version="1.0" encoding="UTF-8" ?>
<testsuite tests="5" failures="0" name="TestSuite" time="59.161" errors="0" skipped="0">
  <properties>
[...]
</properties>
  <testcase classname="testcases.TestNG_TestCase374" name="TestCase374_Test" time="1.804"/>
  <testcase classname="testcases.TestNG_TestCase731" name="TestCase731_Test" time="3.108"/>
  <testcase classname="testcases.TestNG_TestCase14" name="TestCase14_Test" time="7.28"/>
  <testcase classname="testcases.TestNG_TestCase220" name="TestCase220_Test" time="17.777"/>
  <testcase classname="testcases.TestNG_TestCase834" name="TestCase834_Test" time="29.192"/>
</testsuite>