<?xml version="1.0" encoding="UTF-8"?>
<!-- Generated by org.testng.reporters.JUnitXMLReporter -->
<testsuite hostname="Mark-HP" ignored="0" name="Test 1st parallel" tests="5" failures="0" timestamp="07 May 2018 13:04:34 GMT" time="65.251" errors="0">
  <testcase name="TestCase374_Test" time="22.873" classname="testcases.TestNG_TestCase374"/>
  <testcase name="TestCase731_Test" time="13.298" classname="testcases.TestNG_TestCase731"/>
  <testcase name="TestCase14_Test" time="23.316" classname="testcases.TestNG_TestCase14"/>
  <testcase name="TestCase220_Test" time="17.782" classname="testcases.TestNG_TestCase220"/>
  <testcase name="TestCase834_Test" time="37.789" classname="testcases.TestNG_TestCase834"/>
</testsuite> <!-- Test 1st parallel -->
