<?xml version="1.0" encoding="UTF-8"?>
<testng-results skipped="0" failed="0" ignored="0" total="2" passed="2">
  <reporter-output>
  </reporter-output>
  <suite name="Parallel test suite" duration-ms="44286" started-at="2018-05-07T18:37:42Z" finished-at="2018-05-07T18:38:27Z">
    <groups>
    </groups>
    <test name="Test 1st parallel" duration-ms="44286" started-at="2018-05-07T18:37:42Z" finished-at="2018-05-07T18:38:27Z">
      <class name="testcases.TestNG_TestCase14">
        <test-method status="PASS" signature="initializeTestBaseSetup(java.lang.String)[pri:0, instance:testcases.TestNG_TestCase14@6093dd95]" name="initializeTestBaseSetup" is-config="true" duration-ms="5729" started-at="2018-05-07T14:37:42Z" finished-at="2018-05-07T14:37:48Z">
          <params>
            <param index="0">
              <value>
                <![CDATA[firefox]]>
              </value>
            </param>
          </params>
          <reporter-output>
          </reporter-output>
        </test-method> <!-- initializeTestBaseSetup -->
        <test-method status="PASS" signature="setUp()[pri:0, instance:testcases.TestNG_TestCase14@6093dd95]" name="setUp" is-config="true" duration-ms="97" started-at="2018-05-07T14:37:48Z" finished-at="2018-05-07T14:37:48Z">
          <reporter-output>
          </reporter-output>
        </test-method> <!-- setUp -->
        <test-method status="PASS" signature="TestCase14_Test()[pri:0, instance:testcases.TestNG_TestCase14@6093dd95]" name="TestCase14_Test" duration-ms="14688" started-at="2018-05-07T14:37:48Z" finished-at="2018-05-07T14:38:03Z">
          <reporter-output>
          </reporter-output>
        </test-method> <!-- TestCase14_Test -->
        <test-method status="PASS" signature="tearDown()[pri:0, instance:testcases.TestNG_TestCase14@6093dd95]" name="tearDown" is-config="true" duration-ms="722" started-at="2018-05-07T14:38:03Z" finished-at="2018-05-07T14:38:04Z">
          <reporter-output>
          </reporter-output>
        </test-method> <!-- tearDown -->
      </class> <!-- testcases.TestNG_TestCase14 -->
      <class name="testcases.TestNG_TestCase834">
        <test-method status="PASS" signature="initializeTestBaseSetup(java.lang.String)[pri:0, instance:testcases.TestNG_TestCase834@5622fdf]" name="initializeTestBaseSetup" is-config="true" duration-ms="10661" started-at="2018-05-07T14:37:42Z" finished-at="2018-05-07T14:37:53Z">
          <params>
            <param index="0">
              <value>
                <![CDATA[firefox]]>
              </value>
            </param>
          </params>
          <reporter-output>
          </reporter-output>
        </test-method> <!-- initializeTestBaseSetup -->
        <test-method status="PASS" signature="setUp()[pri:0, instance:testcases.TestNG_TestCase834@5622fdf]" name="setUp" is-config="true" duration-ms="3" started-at="2018-05-07T14:37:53Z" finished-at="2018-05-07T14:37:53Z">
          <reporter-output>
          </reporter-output>
        </test-method> <!-- setUp -->
        <test-method status="PASS" signature="TestCase834_Test()[pri:0, instance:testcases.TestNG_TestCase834@5622fdf]" name="TestCase834_Test" duration-ms="33130" started-at="2018-05-07T14:37:53Z" finished-at="2018-05-07T14:38:26Z">
          <reporter-output>
          </reporter-output>
        </test-method> <!-- TestCase834_Test -->
        <test-method status="PASS" signature="tearDown()[pri:0, instance:testcases.TestNG_TestCase834@5622fdf]" name="tearDown" is-config="true" duration-ms="470" started-at="2018-05-07T14:38:26Z" finished-at="2018-05-07T14:38:27Z">
          <reporter-output>
          </reporter-output>
        </test-method> <!-- tearDown -->
      </class> <!-- testcases.TestNG_TestCase834 -->
    </test> <!-- Test 1st parallel -->
  </suite> <!-- Parallel test suite -->
</testng-results>
