<?xml version="1.0" encoding="UTF-8"?>
<testng-results skipped="0" failed="0" ignored="0" total="5" passed="5">
  <reporter-output>
  </reporter-output>
  <suite name="Parallel test suite" duration-ms="64891" started-at="2018-05-07T02:28:03Z" finished-at="2018-05-07T02:29:08Z">
    <groups>
    </groups>
    <test name="Test 1st parallel" duration-ms="64891" started-at="2018-05-07T02:28:03Z" finished-at="2018-05-07T02:29:08Z">
      <class name="testcases.TestNG_TestCase14">
        <test-method status="PASS" signature="initializeTestBaseSetup(java.lang.String)[pri:0, instance:testcases.TestNG_TestCase14@5e3a8624]" name="initializeTestBaseSetup" is-config="true" duration-ms="11128" started-at="2018-05-06T22:28:03Z" finished-at="2018-05-06T22:28:14Z">
          <params>
            <param index="0">
              <value>
                <![CDATA[firefox]]>
              </value>
            </param>
          </params>
          <reporter-output>
          </reporter-output>
        </test-method> <!-- initializeTestBaseSetup -->
        <test-method status="PASS" signature="setUp()[pri:0, instance:testcases.TestNG_TestCase14@5e3a8624]" name="setUp" is-config="true" duration-ms="19" started-at="2018-05-06T22:28:14Z" finished-at="2018-05-06T22:28:14Z">
          <reporter-output>
          </reporter-output>
        </test-method> <!-- setUp -->
        <test-method status="PASS" signature="TestCase14_Test()[pri:0, instance:testcases.TestNG_TestCase14@5e3a8624]" name="TestCase14_Test" duration-ms="19936" started-at="2018-05-06T22:28:14Z" finished-at="2018-05-06T22:28:34Z">
          <reporter-output>
          </reporter-output>
        </test-method> <!-- TestCase14_Test -->
        <test-method status="PASS" signature="tearDown()[pri:0, instance:testcases.TestNG_TestCase14@5e3a8624]" name="tearDown" is-config="true" duration-ms="990" started-at="2018-05-06T22:28:34Z" finished-at="2018-05-06T22:28:35Z">
          <reporter-output>
          </reporter-output>
        </test-method> <!-- tearDown -->
      </class> <!-- testcases.TestNG_TestCase14 -->
      <class name="testcases.TestNG_TestCase731">
        <test-method status="PASS" signature="initializeTestBaseSetup(java.lang.String)[pri:0, instance:testcases.TestNG_TestCase731@6a4f787b]" name="initializeTestBaseSetup" is-config="true" duration-ms="5570" started-at="2018-05-06T22:28:03Z" finished-at="2018-05-06T22:28:08Z">
          <params>
            <param index="0">
              <value>
                <![CDATA[firefox]]>
              </value>
            </param>
          </params>
          <reporter-output>
          </reporter-output>
        </test-method> <!-- initializeTestBaseSetup -->
        <test-method status="PASS" signature="setUp()[pri:0, instance:testcases.TestNG_TestCase731@6a4f787b]" name="setUp" is-config="true" duration-ms="48" started-at="2018-05-06T22:28:08Z" finished-at="2018-05-06T22:28:08Z">
          <reporter-output>
          </reporter-output>
        </test-method> <!-- setUp -->
        <test-method status="PASS" signature="TestCase731_Test()[pri:0, instance:testcases.TestNG_TestCase731@6a4f787b]" name="TestCase731_Test" duration-ms="12999" started-at="2018-05-06T22:28:08Z" finished-at="2018-05-06T22:28:21Z">
          <reporter-output>
          </reporter-output>
        </test-method> <!-- TestCase731_Test -->
        <test-method status="PASS" signature="tearDown()[pri:0, instance:testcases.TestNG_TestCase731@6a4f787b]" name="tearDown" is-config="true" duration-ms="3804" started-at="2018-05-06T22:28:22Z" finished-at="2018-05-06T22:28:25Z">
          <reporter-output>
          </reporter-output>
        </test-method> <!-- tearDown -->
      </class> <!-- testcases.TestNG_TestCase731 -->
      <class name="testcases.TestNG_TestCase834">
        <test-method status="PASS" signature="initializeTestBaseSetup(java.lang.String)[pri:0, instance:testcases.TestNG_TestCase834@5c3bd550]" name="initializeTestBaseSetup" is-config="true" duration-ms="26309" started-at="2018-05-06T22:28:03Z" finished-at="2018-05-06T22:28:29Z">
          <params>
            <param index="0">
              <value>
                <![CDATA[firefox]]>
              </value>
            </param>
          </params>
          <reporter-output>
          </reporter-output>
        </test-method> <!-- initializeTestBaseSetup -->
        <test-method status="PASS" signature="setUp()[pri:0, instance:testcases.TestNG_TestCase834@5c3bd550]" name="setUp" is-config="true" duration-ms="7" started-at="2018-05-06T22:28:29Z" finished-at="2018-05-06T22:28:29Z">
          <reporter-output>
          </reporter-output>
        </test-method> <!-- setUp -->
        <test-method status="PASS" signature="TestCase834_Test()[pri:0, instance:testcases.TestNG_TestCase834@5c3bd550]" name="TestCase834_Test" duration-ms="38080" started-at="2018-05-06T22:28:29Z" finished-at="2018-05-06T22:29:07Z">
          <reporter-output>
          </reporter-output>
        </test-method> <!-- TestCase834_Test -->
        <test-method status="PASS" signature="tearDown()[pri:0, instance:testcases.TestNG_TestCase834@5c3bd550]" name="tearDown" is-config="true" duration-ms="465" started-at="2018-05-06T22:29:07Z" finished-at="2018-05-06T22:29:08Z">
          <reporter-output>
          </reporter-output>
        </test-method> <!-- tearDown -->
      </class> <!-- testcases.TestNG_TestCase834 -->
      <class name="testcases.TestNG_TestCase220">
        <test-method status="PASS" signature="initializeTestBaseSetup(java.lang.String)[pri:0, instance:testcases.TestNG_TestCase220@91161c7]" name="initializeTestBaseSetup" is-config="true" duration-ms="35274" started-at="2018-05-06T22:28:03Z" finished-at="2018-05-06T22:28:38Z">
          <params>
            <param index="0">
              <value>
                <![CDATA[firefox]]>
              </value>
            </param>
          </params>
          <reporter-output>
          </reporter-output>
        </test-method> <!-- initializeTestBaseSetup -->
        <test-method status="PASS" signature="setUp()[pri:0, instance:testcases.TestNG_TestCase220@91161c7]" name="setUp" is-config="true" duration-ms="6" started-at="2018-05-06T22:28:38Z" finished-at="2018-05-06T22:28:38Z">
          <reporter-output>
          </reporter-output>
        </test-method> <!-- setUp -->
        <test-method status="PASS" signature="TestCase220_Test()[pri:0, instance:testcases.TestNG_TestCase220@91161c7]" name="TestCase220_Test" duration-ms="17814" started-at="2018-05-06T22:28:38Z" finished-at="2018-05-06T22:28:56Z">
          <reporter-output>
          </reporter-output>
        </test-method> <!-- TestCase220_Test -->
        <test-method status="PASS" signature="tearDown()[pri:0, instance:testcases.TestNG_TestCase220@91161c7]" name="tearDown" is-config="true" duration-ms="521" started-at="2018-05-06T22:28:56Z" finished-at="2018-05-06T22:28:56Z">
          <reporter-output>
          </reporter-output>
        </test-method> <!-- tearDown -->
      </class> <!-- testcases.TestNG_TestCase220 -->
      <class name="testcases.TestNG_TestCase374">
        <test-method status="PASS" signature="initializeTestBaseSetup(java.lang.String)[pri:0, instance:testcases.TestNG_TestCase374@604ed9f0]" name="initializeTestBaseSetup" is-config="true" duration-ms="18599" started-at="2018-05-06T22:28:03Z" finished-at="2018-05-06T22:28:21Z">
          <params>
            <param index="0">
              <value>
                <![CDATA[firefox]]>
              </value>
            </param>
          </params>
          <reporter-output>
          </reporter-output>
        </test-method> <!-- initializeTestBaseSetup -->
        <test-method status="PASS" signature="setUp()[pri:0, instance:testcases.TestNG_TestCase374@604ed9f0]" name="setUp" is-config="true" duration-ms="11" started-at="2018-05-06T22:28:21Z" finished-at="2018-05-06T22:28:21Z">
          <reporter-output>
          </reporter-output>
        </test-method> <!-- setUp -->
        <test-method status="PASS" signature="TestCase374_Test()[pri:0, instance:testcases.TestNG_TestCase374@604ed9f0]" name="TestCase374_Test" duration-ms="21681" started-at="2018-05-06T22:28:21Z" finished-at="2018-05-06T22:28:43Z">
          <reporter-output>
          </reporter-output>
        </test-method> <!-- TestCase374_Test -->
        <test-method status="PASS" signature="tearDown()[pri:0, instance:testcases.TestNG_TestCase374@604ed9f0]" name="tearDown" is-config="true" duration-ms="984" started-at="2018-05-06T22:28:43Z" finished-at="2018-05-06T22:28:44Z">
          <reporter-output>
          </reporter-output>
        </test-method> <!-- tearDown -->
      </class> <!-- testcases.TestNG_TestCase374 -->
    </test> <!-- Test 1st parallel -->
  </suite> <!-- Parallel test suite -->
</testng-results>
